<?xml version="1.0" encoding="UTF-8"?>
<testsuite xmlns:xsi="http://www.w3.org/2001/XMLSchema-instance" xsi:noNamespaceSchemaLocation="https://maven.apache.org/surefire/maven-surefire-plugin/xsd/surefire-test-report-3.0.xsd" version="3.0" name="org.example.uno.cards.DrawOneCardTest" time="0.067" tests="4" errors="0" skipped="0" failures="0">
  <properties>
[...]
</properties>
  <testcase name="testCardPlayThreePlayer" classname="org.example.uno.cards.DrawOneCardTest" time="0.043">
    <system-out><![CDATA[Cannot remove BLUE DRAW_ONE_CARD as this is not in the players hand
Drew a card: RED FOUR
Beta has to draw two due to Draw One Card: RED FOUR
]]></system-out>
  </testcase>
  <testcase name="testGetValue" classname="org.example.uno.cards.DrawOneCardTest" time="0"/>
  <testcase name="testToString" classname="org.example.uno.cards.DrawOneCardTest" time="0"/>
  <testcase name="testCardPlayTwoPlayer" classname="org.example.uno.cards.DrawOneCardTest" time="0.001">
    <system-out><![CDATA[Cannot remove BLUE DRAW_ONE_CARD as this is not in the players hand
Drew a card: BLUE FOUR
Beta has to draw two due to Draw One Card: BLUE FOUR
]]></system-out>
  </testcase>
</testsuite>